2021-06-22 17:48:44 INFO  Version:44 - HHH000412: Hibernate ORM core version 5.4.32.Final
2021-06-22 17:48:45 INFO  Version:56 - HCANN000001: Hibernate Commons Annotations {5.1.2.Final}
2021-06-22 17:48:45 WARN  pooling:72 - HHH10001002: Using Hibernate built-in connection pool (not for production use!)
2021-06-22 17:48:45 INFO  pooling:115 - HHH10001005: using driver [com.mysql.cj.jdbc.Driver] at URL [jdbc:mysql://localhost: 3306/hr]
2021-06-22 17:48:45 INFO  pooling:124 - HHH10001001: Connection properties: {password=****, user=root}
2021-06-22 17:48:45 INFO  pooling:129 - HHH10001003: Autocommit mode: false
2021-06-22 17:48:45 INFO  DriverManagerConnectionProviderImpl:259 - HHH000115: Hibernate connection pool size: 1 (min=1)
2021-06-22 17:48:46 INFO  Dialect:175 - HHH000400: Using dialect: org.hibernate.dialect.MySQL5Dialect
2021-06-22 17:48:47 INFO  access:47 - HHH10001501: Connection obtained from JdbcConnectionAccess [org.hibernate.engine.jdbc.env.internal.JdbcEnvironmentInitiator$ConnectionProviderJdbcConnectionAccess@22ad1bae] for (non-JTA) DDL execution was not in auto-commit mode; the Connection 'local transaction' will be committed and the Connection will be set into auto-commit mode.
2021-06-22 17:48:47 INFO  access:47 - HHH10001501: Connection obtained from JdbcConnectionAccess [org.hibernate.engine.jdbc.env.internal.JdbcEnvironmentInitiator$ConnectionProviderJdbcConnectionAccess@3cd26422] for (non-JTA) DDL execution was not in auto-commit mode; the Connection 'local transaction' will be committed and the Connection will be set into auto-commit mode.
2021-06-22 18:00:04 INFO  Version:44 - HHH000412: Hibernate ORM core version 5.4.32.Final
2021-06-22 18:00:05 INFO  Version:56 - HCANN000001: Hibernate Commons Annotations {5.1.2.Final}
2021-06-22 18:00:05 WARN  pooling:72 - HHH10001002: Using Hibernate built-in connection pool (not for production use!)
2021-06-22 18:00:05 INFO  pooling:115 - HHH10001005: using driver [com.mysql.cj.jdbc.Driver] at URL [jdbc:mysql://localhost: 3306/hr]
2021-06-22 18:00:05 INFO  pooling:124 - HHH10001001: Connection properties: {password=****, user=root}
2021-06-22 18:00:05 INFO  pooling:129 - HHH10001003: Autocommit mode: false
2021-06-22 18:00:05 INFO  DriverManagerConnectionProviderImpl:259 - HHH000115: Hibernate connection pool size: 1 (min=1)
2021-06-22 18:00:05 INFO  Dialect:175 - HHH000400: Using dialect: org.hibernate.dialect.MySQL5Dialect
2021-06-22 18:00:06 INFO  access:47 - HHH10001501: Connection obtained from JdbcConnectionAccess [org.hibernate.engine.jdbc.env.internal.JdbcEnvironmentInitiator$ConnectionProviderJdbcConnectionAccess@4116f66a] for (non-JTA) DDL execution was not in auto-commit mode; the Connection 'local transaction' will be committed and the Connection will be set into auto-commit mode.
2021-06-22 18:00:06 INFO  access:47 - HHH10001501: Connection obtained from JdbcConnectionAccess [org.hibernate.engine.jdbc.env.internal.JdbcEnvironmentInitiator$ConnectionProviderJdbcConnectionAccess@2eda072] for (non-JTA) DDL execution was not in auto-commit mode; the Connection 'local transaction' will be committed and the Connection will be set into auto-commit mode.
2021-06-22 18:01:22 INFO  Version:44 - HHH000412: Hibernate ORM core version 5.4.32.Final
2021-06-22 18:01:23 INFO  Version:56 - HCANN000001: Hibernate Commons Annotations {5.1.2.Final}
2021-06-22 18:01:23 WARN  pooling:72 - HHH10001002: Using Hibernate built-in connection pool (not for production use!)
2021-06-22 18:01:23 INFO  pooling:115 - HHH10001005: using driver [com.mysql.cj.jdbc.Driver] at URL [jdbc:mysql://localhost: 3306/hr]
2021-06-22 18:01:23 INFO  pooling:124 - HHH10001001: Connection properties: {password=****, user=root}
2021-06-22 18:01:23 INFO  pooling:129 - HHH10001003: Autocommit mode: false
2021-06-22 18:01:23 INFO  DriverManagerConnectionProviderImpl:259 - HHH000115: Hibernate connection pool size: 1 (min=1)
2021-06-22 18:01:23 INFO  Dialect:175 - HHH000400: Using dialect: org.hibernate.dialect.MySQL5Dialect
2021-06-22 18:01:24 INFO  access:47 - HHH10001501: Connection obtained from JdbcConnectionAccess [org.hibernate.engine.jdbc.env.internal.JdbcEnvironmentInitiator$ConnectionProviderJdbcConnectionAccess@4116f66a] for (non-JTA) DDL execution was not in auto-commit mode; the Connection 'local transaction' will be committed and the Connection will be set into auto-commit mode.
2021-06-22 18:01:24 INFO  access:47 - HHH10001501: Connection obtained from JdbcConnectionAccess [org.hibernate.engine.jdbc.env.internal.JdbcEnvironmentInitiator$ConnectionProviderJdbcConnectionAccess@2eda072] for (non-JTA) DDL execution was not in auto-commit mode; the Connection 'local transaction' will be committed and the Connection will be set into auto-commit mode.
2021-06-22 19:09:47 INFO  Version:44 - HHH000412: Hibernate ORM core version 5.4.32.Final
2021-06-22 19:09:48 INFO  Version:56 - HCANN000001: Hibernate Commons Annotations {5.1.2.Final}
2021-06-22 19:09:49 WARN  pooling:72 - HHH10001002: Using Hibernate built-in connection pool (not for production use!)
2021-06-22 19:09:49 INFO  pooling:115 - HHH10001005: using driver [com.mysql.cj.jdbc.Driver] at URL [jdbc:mysql://localhost: 3306/hr]
2021-06-22 19:09:49 INFO  pooling:124 - HHH10001001: Connection properties: {password=****, user=root}
2021-06-22 19:09:49 INFO  pooling:129 - HHH10001003: Autocommit mode: false
2021-06-22 19:09:49 INFO  DriverManagerConnectionProviderImpl:259 - HHH000115: Hibernate connection pool size: 1 (min=1)
2021-06-22 19:09:50 INFO  Dialect:175 - HHH000400: Using dialect: org.hibernate.dialect.MySQL5Dialect
2021-06-22 19:09:51 INFO  access:47 - HHH10001501: Connection obtained from JdbcConnectionAccess [org.hibernate.engine.jdbc.env.internal.JdbcEnvironmentInitiator$ConnectionProviderJdbcConnectionAccess@4116f66a] for (non-JTA) DDL execution was not in auto-commit mode; the Connection 'local transaction' will be committed and the Connection will be set into auto-commit mode.
2021-06-22 19:09:51 INFO  access:47 - HHH10001501: Connection obtained from JdbcConnectionAccess [org.hibernate.engine.jdbc.env.internal.JdbcEnvironmentInitiator$ConnectionProviderJdbcConnectionAccess@2eda072] for (non-JTA) DDL execution was not in auto-commit mode; the Connection 'local transaction' will be committed and the Connection will be set into auto-commit mode.
2021-06-22 19:19:15 INFO  Version:44 - HHH000412: Hibernate ORM core version 5.4.32.Final
2021-06-22 19:19:17 INFO  Version:56 - HCANN000001: Hibernate Commons Annotations {5.1.2.Final}
2021-06-22 19:19:17 WARN  pooling:72 - HHH10001002: Using Hibernate built-in connection pool (not for production use!)
2021-06-22 19:19:17 INFO  pooling:115 - HHH10001005: using driver [com.mysql.cj.jdbc.Driver] at URL [jdbc:mysql://localhost: 3306/hr]
2021-06-22 19:19:17 INFO  pooling:124 - HHH10001001: Connection properties: {password=****, user=root}
2021-06-22 19:19:17 INFO  pooling:129 - HHH10001003: Autocommit mode: false
2021-06-22 19:19:17 INFO  DriverManagerConnectionProviderImpl:259 - HHH000115: Hibernate connection pool size: 1 (min=1)
2021-06-22 19:19:18 INFO  Dialect:175 - HHH000400: Using dialect: org.hibernate.dialect.MySQL5Dialect
2021-06-22 19:19:19 INFO  access:47 - HHH10001501: Connection obtained from JdbcConnectionAccess [org.hibernate.engine.jdbc.env.internal.JdbcEnvironmentInitiator$ConnectionProviderJdbcConnectionAccess@4116f66a] for (non-JTA) DDL execution was not in auto-commit mode; the Connection 'local transaction' will be committed and the Connection will be set into auto-commit mode.
2021-06-22 19:19:19 INFO  access:47 - HHH10001501: Connection obtained from JdbcConnectionAccess [org.hibernate.engine.jdbc.env.internal.JdbcEnvironmentInitiator$ConnectionProviderJdbcConnectionAccess@2eda072] for (non-JTA) DDL execution was not in auto-commit mode; the Connection 'local transaction' will be committed and the Connection will be set into auto-commit mode.
2021-06-22 19:20:47 INFO  Version:44 - HHH000412: Hibernate ORM core version 5.4.32.Final
2021-06-22 19:20:49 INFO  Version:56 - HCANN000001: Hibernate Commons Annotations {5.1.2.Final}
2021-06-22 19:20:49 WARN  pooling:72 - HHH10001002: Using Hibernate built-in connection pool (not for production use!)
2021-06-22 19:20:49 INFO  pooling:115 - HHH10001005: using driver [com.mysql.cj.jdbc.Driver] at URL [jdbc:mysql://localhost: 3306/hr]
2021-06-22 19:20:49 INFO  pooling:124 - HHH10001001: Connection properties: {password=****, user=root}
2021-06-22 19:20:49 INFO  pooling:129 - HHH10001003: Autocommit mode: false
2021-06-22 19:20:49 INFO  DriverManagerConnectionProviderImpl:259 - HHH000115: Hibernate connection pool size: 1 (min=1)
2021-06-22 19:20:50 INFO  Dialect:175 - HHH000400: Using dialect: org.hibernate.dialect.MySQL5Dialect
2021-06-22 19:20:51 INFO  access:47 - HHH10001501: Connection obtained from JdbcConnectionAccess [org.hibernate.engine.jdbc.env.internal.JdbcEnvironmentInitiator$ConnectionProviderJdbcConnectionAccess@4116f66a] for (non-JTA) DDL execution was not in auto-commit mode; the Connection 'local transaction' will be committed and the Connection will be set into auto-commit mode.
2021-06-22 19:20:51 INFO  access:47 - HHH10001501: Connection obtained from JdbcConnectionAccess [org.hibernate.engine.jdbc.env.internal.JdbcEnvironmentInitiator$ConnectionProviderJdbcConnectionAccess@2eda072] for (non-JTA) DDL execution was not in auto-commit mode; the Connection 'local transaction' will be committed and the Connection will be set into auto-commit mode.
2021-06-22 19:21:54 INFO  Version:44 - HHH000412: Hibernate ORM core version 5.4.32.Final
2021-06-22 19:21:55 INFO  Version:56 - HCANN000001: Hibernate Commons Annotations {5.1.2.Final}
2021-06-22 19:21:56 WARN  pooling:72 - HHH10001002: Using Hibernate built-in connection pool (not for production use!)
2021-06-22 19:21:56 INFO  pooling:115 - HHH10001005: using driver [com.mysql.cj.jdbc.Driver] at URL [jdbc:mysql://localhost: 3306/hr]
2021-06-22 19:21:56 INFO  pooling:124 - HHH10001001: Connection properties: {password=****, user=root}
2021-06-22 19:21:56 INFO  pooling:129 - HHH10001003: Autocommit mode: false
2021-06-22 19:21:56 INFO  DriverManagerConnectionProviderImpl:259 - HHH000115: Hibernate connection pool size: 1 (min=1)
2021-06-22 19:21:57 INFO  Dialect:175 - HHH000400: Using dialect: org.hibernate.dialect.MySQL5Dialect
2021-06-22 19:21:58 INFO  access:47 - HHH10001501: Connection obtained from JdbcConnectionAccess [org.hibernate.engine.jdbc.env.internal.JdbcEnvironmentInitiator$ConnectionProviderJdbcConnectionAccess@4116f66a] for (non-JTA) DDL execution was not in auto-commit mode; the Connection 'local transaction' will be committed and the Connection will be set into auto-commit mode.
2021-06-22 19:21:58 INFO  access:47 - HHH10001501: Connection obtained from JdbcConnectionAccess [org.hibernate.engine.jdbc.env.internal.JdbcEnvironmentInitiator$ConnectionProviderJdbcConnectionAccess@2eda072] for (non-JTA) DDL execution was not in auto-commit mode; the Connection 'local transaction' will be committed and the Connection will be set into auto-commit mode.
2021-06-22 19:23:31 INFO  Version:44 - HHH000412: Hibernate ORM core version 5.4.32.Final
2021-06-22 19:23:33 INFO  Version:56 - HCANN000001: Hibernate Commons Annotations {5.1.2.Final}
2021-06-22 19:23:33 WARN  pooling:72 - HHH10001002: Using Hibernate built-in connection pool (not for production use!)
2021-06-22 19:23:33 INFO  pooling:115 - HHH10001005: using driver [com.mysql.cj.jdbc.Driver] at URL [jdbc:mysql://localhost: 3306/hr]
2021-06-22 19:23:33 INFO  pooling:124 - HHH10001001: Connection properties: {password=****, user=root}
2021-06-22 19:23:33 INFO  pooling:129 - HHH10001003: Autocommit mode: false
2021-06-22 19:23:33 INFO  DriverManagerConnectionProviderImpl:259 - HHH000115: Hibernate connection pool size: 1 (min=1)
2021-06-22 19:23:34 INFO  Dialect:175 - HHH000400: Using dialect: org.hibernate.dialect.MySQL5Dialect
2021-06-22 19:23:35 INFO  access:47 - HHH10001501: Connection obtained from JdbcConnectionAccess [org.hibernate.engine.jdbc.env.internal.JdbcEnvironmentInitiator$ConnectionProviderJdbcConnectionAccess@4116f66a] for (non-JTA) DDL execution was not in auto-commit mode; the Connection 'local transaction' will be committed and the Connection will be set into auto-commit mode.
2021-06-22 19:23:35 INFO  access:47 - HHH10001501: Connection obtained from JdbcConnectionAccess [org.hibernate.engine.jdbc.env.internal.JdbcEnvironmentInitiator$ConnectionProviderJdbcConnectionAccess@2eda072] for (non-JTA) DDL execution was not in auto-commit mode; the Connection 'local transaction' will be committed and the Connection will be set into auto-commit mode.
2021-06-22 19:29:22 INFO  Version:44 - HHH000412: Hibernate ORM core version 5.4.32.Final
2021-06-22 19:29:23 INFO  Version:56 - HCANN000001: Hibernate Commons Annotations {5.1.2.Final}
2021-06-22 19:29:24 WARN  pooling:72 - HHH10001002: Using Hibernate built-in connection pool (not for production use!)
2021-06-22 19:29:24 INFO  pooling:115 - HHH10001005: using driver [com.mysql.cj.jdbc.Driver] at URL [jdbc:mysql://localhost: 3306/hr]
2021-06-22 19:29:24 INFO  pooling:124 - HHH10001001: Connection properties: {password=****, user=root}
2021-06-22 19:29:24 INFO  pooling:129 - HHH10001003: Autocommit mode: false
2021-06-22 19:29:24 INFO  DriverManagerConnectionProviderImpl:259 - HHH000115: Hibernate connection pool size: 1 (min=1)
2021-06-22 19:29:25 INFO  Dialect:175 - HHH000400: Using dialect: org.hibernate.dialect.MySQL5Dialect
2021-06-22 19:29:26 INFO  access:47 - HHH10001501: Connection obtained from JdbcConnectionAccess [org.hibernate.engine.jdbc.env.internal.JdbcEnvironmentInitiator$ConnectionProviderJdbcConnectionAccess@4116f66a] for (non-JTA) DDL execution was not in auto-commit mode; the Connection 'local transaction' will be committed and the Connection will be set into auto-commit mode.
2021-06-22 19:29:26 INFO  access:47 - HHH10001501: Connection obtained from JdbcConnectionAccess [org.hibernate.engine.jdbc.env.internal.JdbcEnvironmentInitiator$ConnectionProviderJdbcConnectionAccess@2eda072] for (non-JTA) DDL execution was not in auto-commit mode; the Connection 'local transaction' will be committed and the Connection will be set into auto-commit mode.
2021-06-22 19:31:09 INFO  Version:44 - HHH000412: Hibernate ORM core version 5.4.32.Final
2021-06-22 19:31:10 INFO  Version:56 - HCANN000001: Hibernate Commons Annotations {5.1.2.Final}
2021-06-22 19:31:10 WARN  pooling:72 - HHH10001002: Using Hibernate built-in connection pool (not for production use!)
2021-06-22 19:31:10 INFO  pooling:115 - HHH10001005: using driver [com.mysql.cj.jdbc.Driver] at URL [jdbc:mysql://localhost: 3306/hr]
2021-06-22 19:31:10 INFO  pooling:124 - HHH10001001: Connection properties: {password=****, user=root}
2021-06-22 19:31:10 INFO  pooling:129 - HHH10001003: Autocommit mode: false
2021-06-22 19:31:10 INFO  DriverManagerConnectionProviderImpl:259 - HHH000115: Hibernate connection pool size: 1 (min=1)
2021-06-22 19:31:12 INFO  Dialect:175 - HHH000400: Using dialect: org.hibernate.dialect.MySQL5Dialect
2021-06-22 19:32:36 INFO  Version:44 - HHH000412: Hibernate ORM core version 5.4.32.Final
2021-06-22 19:32:38 INFO  Version:56 - HCANN000001: Hibernate Commons Annotations {5.1.2.Final}
2021-06-22 19:32:38 WARN  pooling:72 - HHH10001002: Using Hibernate built-in connection pool (not for production use!)
2021-06-22 19:32:38 INFO  pooling:115 - HHH10001005: using driver [com.mysql.cj.jdbc.Driver] at URL [jdbc:mysql://localhost: 3306/hr]
2021-06-22 19:32:38 INFO  pooling:124 - HHH10001001: Connection properties: {password=****, user=root}
2021-06-22 19:32:38 INFO  pooling:129 - HHH10001003: Autocommit mode: false
2021-06-22 19:32:38 INFO  DriverManagerConnectionProviderImpl:259 - HHH000115: Hibernate connection pool size: 1 (min=1)
2021-06-22 19:32:39 INFO  Dialect:175 - HHH000400: Using dialect: org.hibernate.dialect.MySQL5Dialect
2021-06-22 19:35:02 INFO  Version:44 - HHH000412: Hibernate ORM core version 5.4.32.Final
2021-06-22 19:35:03 INFO  Version:56 - HCANN000001: Hibernate Commons Annotations {5.1.2.Final}
2021-06-22 19:35:04 WARN  pooling:72 - HHH10001002: Using Hibernate built-in connection pool (not for production use!)
2021-06-22 19:35:04 INFO  pooling:115 - HHH10001005: using driver [com.mysql.cj.jdbc.Driver] at URL [jdbc:mysql://localhost: 3306/hr]
2021-06-22 19:35:04 INFO  pooling:124 - HHH10001001: Connection properties: {password=****, user=root}
2021-06-22 19:35:04 INFO  pooling:129 - HHH10001003: Autocommit mode: false
2021-06-22 19:35:04 INFO  DriverManagerConnectionProviderImpl:259 - HHH000115: Hibernate connection pool size: 1 (min=1)
2021-06-22 19:35:04 INFO  Dialect:175 - HHH000400: Using dialect: org.hibernate.dialect.MySQL5Dialect
2021-06-22 19:44:56 INFO  Version:44 - HHH000412: Hibernate ORM core version 5.4.32.Final
2021-06-22 19:44:57 INFO  Version:56 - HCANN000001: Hibernate Commons Annotations {5.1.2.Final}
2021-06-22 19:44:57 WARN  pooling:72 - HHH10001002: Using Hibernate built-in connection pool (not for production use!)
2021-06-22 19:44:57 INFO  pooling:115 - HHH10001005: using driver [com.mysql.cj.jdbc.Driver] at URL [jdbc:mysql://localhost: 3306/hr]
2021-06-22 19:44:57 INFO  pooling:124 - HHH10001001: Connection properties: {password=****, user=root}
2021-06-22 19:44:57 INFO  pooling:129 - HHH10001003: Autocommit mode: false
2021-06-22 19:44:57 INFO  DriverManagerConnectionProviderImpl:259 - HHH000115: Hibernate connection pool size: 1 (min=1)
2021-06-22 19:44:58 INFO  Dialect:175 - HHH000400: Using dialect: org.hibernate.dialect.MySQL5Dialect
2021-06-22 19:45:33 INFO  Version:44 - HHH000412: Hibernate ORM core version 5.4.32.Final
2021-06-22 19:45:34 INFO  Version:56 - HCANN000001: Hibernate Commons Annotations {5.1.2.Final}
2021-06-22 19:45:35 WARN  pooling:72 - HHH10001002: Using Hibernate built-in connection pool (not for production use!)
2021-06-22 19:45:35 INFO  pooling:115 - HHH10001005: using driver [com.mysql.cj.jdbc.Driver] at URL [jdbc:mysql://localhost: 3306/hr]
2021-06-22 19:45:35 INFO  pooling:124 - HHH10001001: Connection properties: {password=****, user=root}
2021-06-22 19:45:35 INFO  pooling:129 - HHH10001003: Autocommit mode: false
2021-06-22 19:45:35 INFO  DriverManagerConnectionProviderImpl:259 - HHH000115: Hibernate connection pool size: 1 (min=1)
2021-06-22 19:45:36 INFO  Dialect:175 - HHH000400: Using dialect: org.hibernate.dialect.MySQL5Dialect
2021-06-22 21:59:00 INFO  Version:44 - HHH000412: Hibernate ORM core version 5.4.32.Final
2021-06-22 21:59:01 INFO  Version:56 - HCANN000001: Hibernate Commons Annotations {5.1.2.Final}
2021-06-22 21:59:02 WARN  pooling:72 - HHH10001002: Using Hibernate built-in connection pool (not for production use!)
2021-06-22 21:59:02 INFO  pooling:115 - HHH10001005: using driver [com.mysql.cj.jdbc.Driver] at URL [jdbc:mysql://localhost: 3306/hr]
2021-06-22 21:59:02 INFO  pooling:124 - HHH10001001: Connection properties: {password=****, user=root}
2021-06-22 21:59:02 INFO  pooling:129 - HHH10001003: Autocommit mode: false
2021-06-22 21:59:02 INFO  DriverManagerConnectionProviderImpl:259 - HHH000115: Hibernate connection pool size: 1 (min=1)
2021-06-22 21:59:03 INFO  Dialect:175 - HHH000400: Using dialect: org.hibernate.dialect.MySQL5Dialect
2021-06-22 22:06:04 INFO  Version:44 - HHH000412: Hibernate ORM core version 5.4.32.Final
2021-06-22 22:06:05 INFO  Version:56 - HCANN000001: Hibernate Commons Annotations {5.1.2.Final}
2021-06-22 22:06:05 WARN  pooling:72 - HHH10001002: Using Hibernate built-in connection pool (not for production use!)
2021-06-22 22:06:05 INFO  pooling:115 - HHH10001005: using driver [com.mysql.cj.jdbc.Driver] at URL [jdbc:mysql://localhost: 3306/hr]
2021-06-22 22:06:05 INFO  pooling:124 - HHH10001001: Connection properties: {password=****, user=root}
2021-06-22 22:06:05 INFO  pooling:129 - HHH10001003: Autocommit mode: false
2021-06-22 22:06:05 INFO  DriverManagerConnectionProviderImpl:259 - HHH000115: Hibernate connection pool size: 15 (min=1)
2021-06-22 22:06:07 INFO  Dialect:175 - HHH000400: Using dialect: org.hibernate.dialect.MySQL5Dialect
2021-06-22 22:06:51 INFO  Version:44 - HHH000412: Hibernate ORM core version 5.4.32.Final
2021-06-22 22:06:52 INFO  Version:56 - HCANN000001: Hibernate Commons Annotations {5.1.2.Final}
2021-06-22 22:06:52 WARN  pooling:72 - HHH10001002: Using Hibernate built-in connection pool (not for production use!)
2021-06-22 22:06:52 INFO  pooling:115 - HHH10001005: using driver [com.mysql.cj.jdbc.Driver] at URL [jdbc:mysql://localhost: 3306/hr]
2021-06-22 22:06:52 INFO  pooling:124 - HHH10001001: Connection properties: {password=****, user=root}
2021-06-22 22:06:52 INFO  pooling:129 - HHH10001003: Autocommit mode: false
2021-06-22 22:06:52 INFO  DriverManagerConnectionProviderImpl:259 - HHH000115: Hibernate connection pool size: 3 (min=1)
2021-06-22 22:06:54 INFO  Dialect:175 - HHH000400: Using dialect: org.hibernate.dialect.MySQL5Dialect
2021-06-22 22:15:30 INFO  Version:44 - HHH000412: Hibernate ORM core version 5.4.32.Final
2021-06-22 22:15:32 INFO  Version:56 - HCANN000001: Hibernate Commons Annotations {5.1.2.Final}
2021-06-22 22:15:32 WARN  pooling:72 - HHH10001002: Using Hibernate built-in connection pool (not for production use!)
2021-06-22 22:15:32 INFO  pooling:115 - HHH10001005: using driver [com.mysql.cj.jdbc.Driver] at URL [jdbc:mysql://localhost: 3306/hr]
2021-06-22 22:15:32 INFO  pooling:124 - HHH10001001: Connection properties: {password=****, user=root}
2021-06-22 22:15:32 INFO  pooling:129 - HHH10001003: Autocommit mode: false
2021-06-22 22:15:32 INFO  DriverManagerConnectionProviderImpl:259 - HHH000115: Hibernate connection pool size: 50 (min=1)
2021-06-22 22:15:33 INFO  Dialect:175 - HHH000400: Using dialect: org.hibernate.dialect.MySQL5Dialect
2021-06-22 22:17:08 INFO  Version:44 - HHH000412: Hibernate ORM core version 5.4.32.Final
2021-06-22 22:17:10 INFO  Version:56 - HCANN000001: Hibernate Commons Annotations {5.1.2.Final}
2021-06-22 22:17:10 WARN  pooling:72 - HHH10001002: Using Hibernate built-in connection pool (not for production use!)
2021-06-22 22:17:10 INFO  pooling:115 - HHH10001005: using driver [com.mysql.cj.jdbc.Driver] at URL [jdbc:mysql://localhost: 3306/hr]
2021-06-22 22:17:10 INFO  pooling:124 - HHH10001001: Connection properties: {password=****, user=root}
2021-06-22 22:17:10 INFO  pooling:129 - HHH10001003: Autocommit mode: false
2021-06-22 22:17:10 INFO  DriverManagerConnectionProviderImpl:259 - HHH000115: Hibernate connection pool size: 50 (min=1)
2021-06-22 22:17:11 INFO  Dialect:175 - HHH000400: Using dialect: org.hibernate.dialect.MySQL5Dialect
2021-06-22 22:18:14 INFO  Version:44 - HHH000412: Hibernate ORM core version 5.4.32.Final
2021-06-22 22:18:15 INFO  Version:56 - HCANN000001: Hibernate Commons Annotations {5.1.2.Final}
2021-06-22 22:18:16 WARN  pooling:72 - HHH10001002: Using Hibernate built-in connection pool (not for production use!)
2021-06-22 22:18:16 INFO  pooling:115 - HHH10001005: using driver [com.mysql.cj.jdbc.Driver] at URL [jdbc:mysql://localhost: 3306/hr]
2021-06-22 22:18:16 INFO  pooling:124 - HHH10001001: Connection properties: {password=****, user=root}
2021-06-22 22:18:16 INFO  pooling:129 - HHH10001003: Autocommit mode: false
2021-06-22 22:18:16 INFO  DriverManagerConnectionProviderImpl:259 - HHH000115: Hibernate connection pool size: 50 (min=1)
2021-06-22 22:18:17 INFO  Dialect:175 - HHH000400: Using dialect: org.hibernate.dialect.MySQL5Dialect
2021-06-22 22:19:55 INFO  Version:44 - HHH000412: Hibernate ORM core version 5.4.32.Final
2021-06-22 22:19:56 INFO  Version:56 - HCANN000001: Hibernate Commons Annotations {5.1.2.Final}
2021-06-22 22:19:56 WARN  pooling:72 - HHH10001002: Using Hibernate built-in connection pool (not for production use!)
2021-06-22 22:19:56 INFO  pooling:115 - HHH10001005: using driver [com.mysql.cj.jdbc.Driver] at URL [jdbc:mysql://localhost: 3306/hr]
2021-06-22 22:19:56 INFO  pooling:124 - HHH10001001: Connection properties: {password=****, user=root}
2021-06-22 22:19:56 INFO  pooling:129 - HHH10001003: Autocommit mode: false
2021-06-22 22:19:56 INFO  DriverManagerConnectionProviderImpl:259 - HHH000115: Hibernate connection pool size: 50 (min=1)
2021-06-22 22:19:57 INFO  Dialect:175 - HHH000400: Using dialect: org.hibernate.dialect.MySQL5Dialect
2021-06-22 22:36:39 INFO  Version:44 - HHH000412: Hibernate ORM core version 5.4.32.Final
2021-06-22 22:36:41 INFO  Version:56 - HCANN000001: Hibernate Commons Annotations {5.1.2.Final}
2021-06-22 22:36:41 WARN  pooling:72 - HHH10001002: Using Hibernate built-in connection pool (not for production use!)
2021-06-22 22:36:41 INFO  pooling:115 - HHH10001005: using driver [com.mysql.cj.jdbc.Driver] at URL [jdbc:mysql://localhost: 3306/hr]
2021-06-22 22:36:41 INFO  pooling:124 - HHH10001001: Connection properties: {password=****, user=root}
2021-06-22 22:36:41 INFO  pooling:129 - HHH10001003: Autocommit mode: false
2021-06-22 22:36:41 INFO  DriverManagerConnectionProviderImpl:259 - HHH000115: Hibernate connection pool size: 50 (min=1)
2021-06-22 22:36:42 INFO  Dialect:175 - HHH000400: Using dialect: org.hibernate.dialect.MySQL5Dialect
2021-06-22 22:49:20 INFO  Version:44 - HHH000412: Hibernate ORM core version 5.4.32.Final
2021-06-22 22:49:22 INFO  Version:56 - HCANN000001: Hibernate Commons Annotations {5.1.2.Final}
2021-06-22 22:49:22 WARN  pooling:72 - HHH10001002: Using Hibernate built-in connection pool (not for production use!)
2021-06-22 22:49:22 INFO  pooling:115 - HHH10001005: using driver [com.mysql.cj.jdbc.Driver] at URL [jdbc:mysql://localhost: 3306/hr]
2021-06-22 22:49:22 INFO  pooling:124 - HHH10001001: Connection properties: {password=****, user=root}
2021-06-22 22:49:22 INFO  pooling:129 - HHH10001003: Autocommit mode: false
2021-06-22 22:49:22 INFO  DriverManagerConnectionProviderImpl:259 - HHH000115: Hibernate connection pool size: 50 (min=1)
2021-06-22 22:49:24 INFO  Dialect:175 - HHH000400: Using dialect: org.hibernate.dialect.MySQL5Dialect
2021-06-22 22:50:33 INFO  Version:44 - HHH000412: Hibernate ORM core version 5.4.32.Final
2021-06-22 22:50:34 INFO  Version:56 - HCANN000001: Hibernate Commons Annotations {5.1.2.Final}
2021-06-22 22:50:35 WARN  pooling:72 - HHH10001002: Using Hibernate built-in connection pool (not for production use!)
2021-06-22 22:50:35 INFO  pooling:115 - HHH10001005: using driver [com.mysql.cj.jdbc.Driver] at URL [jdbc:mysql://localhost: 3306/hr]
2021-06-22 22:50:35 INFO  pooling:124 - HHH10001001: Connection properties: {password=****, user=root}
2021-06-22 22:50:35 INFO  pooling:129 - HHH10001003: Autocommit mode: false
2021-06-22 22:50:35 INFO  DriverManagerConnectionProviderImpl:259 - HHH000115: Hibernate connection pool size: 50 (min=1)
2021-06-22 22:50:36 INFO  Dialect:175 - HHH000400: Using dialect: org.hibernate.dialect.MySQL5Dialect
2021-06-22 22:50:50 INFO  Version:44 - HHH000412: Hibernate ORM core version 5.4.32.Final
2021-06-22 22:50:51 INFO  Version:56 - HCANN000001: Hibernate Commons Annotations {5.1.2.Final}
2021-06-22 22:50:52 WARN  pooling:72 - HHH10001002: Using Hibernate built-in connection pool (not for production use!)
2021-06-22 22:50:52 INFO  pooling:115 - HHH10001005: using driver [com.mysql.cj.jdbc.Driver] at URL [jdbc:mysql://localhost: 3306/hr]
2021-06-22 22:50:52 INFO  pooling:124 - HHH10001001: Connection properties: {password=****, user=root}
2021-06-22 22:50:52 INFO  pooling:129 - HHH10001003: Autocommit mode: false
2021-06-22 22:50:52 INFO  DriverManagerConnectionProviderImpl:259 - HHH000115: Hibernate connection pool size: 50 (min=1)
2021-06-22 22:50:53 INFO  Dialect:175 - HHH000400: Using dialect: org.hibernate.dialect.MySQL5Dialect
2021-06-22 22:59:06 INFO  Version:44 - HHH000412: Hibernate ORM core version 5.4.32.Final
2021-06-22 22:59:07 INFO  Version:56 - HCANN000001: Hibernate Commons Annotations {5.1.2.Final}
2021-06-22 22:59:08 WARN  pooling:72 - HHH10001002: Using Hibernate built-in connection pool (not for production use!)
2021-06-22 22:59:08 INFO  pooling:115 - HHH10001005: using driver [com.mysql.cj.jdbc.Driver] at URL [jdbc:mysql://localhost: 3306/hr]
2021-06-22 22:59:08 INFO  pooling:124 - HHH10001001: Connection properties: {password=****, user=root}
2021-06-22 22:59:08 INFO  pooling:129 - HHH10001003: Autocommit mode: false
2021-06-22 22:59:08 INFO  DriverManagerConnectionProviderImpl:259 - HHH000115: Hibernate connection pool size: 50 (min=1)
2021-06-22 22:59:09 INFO  Dialect:175 - HHH000400: Using dialect: org.hibernate.dialect.MySQL5Dialect
2021-06-22 23:03:22 INFO  Version:44 - HHH000412: Hibernate ORM core version 5.4.32.Final
2021-06-22 23:03:23 INFO  Version:56 - HCANN000001: Hibernate Commons Annotations {5.1.2.Final}
2021-06-22 23:03:24 WARN  pooling:72 - HHH10001002: Using Hibernate built-in connection pool (not for production use!)
2021-06-22 23:03:24 INFO  pooling:115 - HHH10001005: using driver [com.mysql.cj.jdbc.Driver] at URL [jdbc:mysql://localhost: 3306/hr]
2021-06-22 23:03:24 INFO  pooling:124 - HHH10001001: Connection properties: {password=****, user=root}
2021-06-22 23:03:24 INFO  pooling:129 - HHH10001003: Autocommit mode: false
2021-06-22 23:03:24 INFO  DriverManagerConnectionProviderImpl:259 - HHH000115: Hibernate connection pool size: 50 (min=1)
2021-06-22 23:03:25 INFO  Dialect:175 - HHH000400: Using dialect: org.hibernate.dialect.MySQL5Dialect
2021-06-22 23:07:32 INFO  Version:44 - HHH000412: Hibernate ORM core version 5.4.32.Final
2021-06-22 23:07:33 INFO  Version:56 - HCANN000001: Hibernate Commons Annotations {5.1.2.Final}
2021-06-22 23:07:34 WARN  pooling:72 - HHH10001002: Using Hibernate built-in connection pool (not for production use!)
2021-06-22 23:07:34 INFO  pooling:115 - HHH10001005: using driver [com.mysql.cj.jdbc.Driver] at URL [jdbc:mysql://localhost: 3306/hr]
2021-06-22 23:07:34 INFO  pooling:124 - HHH10001001: Connection properties: {password=****, user=root}
2021-06-22 23:07:34 INFO  pooling:129 - HHH10001003: Autocommit mode: false
2021-06-22 23:07:34 INFO  DriverManagerConnectionProviderImpl:259 - HHH000115: Hibernate connection pool size: 50 (min=1)
2021-06-22 23:07:35 INFO  Dialect:175 - HHH000400: Using dialect: org.hibernate.dialect.MySQL5Dialect
2021-06-22 23:11:28 INFO  Version:44 - HHH000412: Hibernate ORM core version 5.4.32.Final
2021-06-22 23:11:29 INFO  Version:56 - HCANN000001: Hibernate Commons Annotations {5.1.2.Final}
2021-06-22 23:11:30 WARN  pooling:72 - HHH10001002: Using Hibernate built-in connection pool (not for production use!)
2021-06-22 23:11:30 INFO  pooling:115 - HHH10001005: using driver [com.mysql.cj.jdbc.Driver] at URL [jdbc:mysql://localhost: 3306/hr]
2021-06-22 23:11:30 INFO  pooling:124 - HHH10001001: Connection properties: {password=****, user=root}
2021-06-22 23:11:30 INFO  pooling:129 - HHH10001003: Autocommit mode: false
2021-06-22 23:11:30 INFO  DriverManagerConnectionProviderImpl:259 - HHH000115: Hibernate connection pool size: 50 (min=1)
2021-06-22 23:11:31 INFO  Dialect:175 - HHH000400: Using dialect: org.hibernate.dialect.MySQL5Dialect
2021-06-22 23:12:05 INFO  Version:44 - HHH000412: Hibernate ORM core version 5.4.32.Final
2021-06-22 23:12:06 INFO  Version:56 - HCANN000001: Hibernate Commons Annotations {5.1.2.Final}
2021-06-22 23:12:07 WARN  pooling:72 - HHH10001002: Using Hibernate built-in connection pool (not for production use!)
2021-06-22 23:12:07 INFO  pooling:115 - HHH10001005: using driver [com.mysql.cj.jdbc.Driver] at URL [jdbc:mysql://localhost: 3306/hr]
2021-06-22 23:12:07 INFO  pooling:124 - HHH10001001: Connection properties: {password=****, user=root}
2021-06-22 23:12:07 INFO  pooling:129 - HHH10001003: Autocommit mode: false
2021-06-22 23:12:07 INFO  DriverManagerConnectionProviderImpl:259 - HHH000115: Hibernate connection pool size: 50 (min=1)
2021-06-22 23:12:08 INFO  Dialect:175 - HHH000400: Using dialect: org.hibernate.dialect.MySQL5Dialect
2021-06-22 23:13:33 INFO  Version:44 - HHH000412: Hibernate ORM core version 5.4.32.Final
2021-06-22 23:13:34 INFO  Version:56 - HCANN000001: Hibernate Commons Annotations {5.1.2.Final}
2021-06-22 23:13:35 WARN  pooling:72 - HHH10001002: Using Hibernate built-in connection pool (not for production use!)
2021-06-22 23:13:35 INFO  pooling:115 - HHH10001005: using driver [com.mysql.cj.jdbc.Driver] at URL [jdbc:mysql://localhost: 3306/hr]
2021-06-22 23:13:35 INFO  pooling:124 - HHH10001001: Connection properties: {password=****, user=root}
2021-06-22 23:13:35 INFO  pooling:129 - HHH10001003: Autocommit mode: false
2021-06-22 23:13:35 INFO  DriverManagerConnectionProviderImpl:259 - HHH000115: Hibernate connection pool size: 50 (min=1)
2021-06-22 23:13:36 INFO  Dialect:175 - HHH000400: Using dialect: org.hibernate.dialect.MySQL5Dialect
2021-06-22 23:19:06 INFO  Version:44 - HHH000412: Hibernate ORM core version 5.4.32.Final
2021-06-22 23:19:07 INFO  Version:56 - HCANN000001: Hibernate Commons Annotations {5.1.2.Final}
2021-06-22 23:19:08 WARN  pooling:72 - HHH10001002: Using Hibernate built-in connection pool (not for production use!)
2021-06-22 23:19:08 INFO  pooling:115 - HHH10001005: using driver [com.mysql.cj.jdbc.Driver] at URL [jdbc:mysql://localhost: 3306/hr]
2021-06-22 23:19:08 INFO  pooling:124 - HHH10001001: Connection properties: {password=****, user=root}
2021-06-22 23:19:08 INFO  pooling:129 - HHH10001003: Autocommit mode: false
2021-06-22 23:19:08 INFO  DriverManagerConnectionProviderImpl:259 - HHH000115: Hibernate connection pool size: 50 (min=1)
2021-06-22 23:19:09 INFO  Dialect:175 - HHH000400: Using dialect: org.hibernate.dialect.MySQL5Dialect
